<?xml version="1.0" encoding="UTF-8"?>
<testng-results ignored="0" total="1" passed="1" failed="0" skipped="0">
  <reporter-output>
  </reporter-output>
  <suite started-at="2024-01-23T16:11:09 IST" name="Default suite" finished-at="2024-01-23T16:11:16 IST" duration-ms="6824">
    <groups>
    </groups>
    <test started-at="2024-01-23T16:11:09 IST" name="Default test" finished-at="2024-01-23T16:11:16 IST" duration-ms="6824">
      <class name="Scripts.Scripts_4">
        <test-method signature="get_city()[pri:0, instance:Scripts.Scripts_4@2a265ea9]" started-at="2024-01-23T16:11:09 IST" name="get_city" finished-at="2024-01-23T16:11:16 IST" duration-ms="6704" status="PASS">
          <reporter-output>
          </reporter-output>
        </test-method> <!-- get_city -->
      </class> <!-- Scripts.Scripts_4 -->
    </test> <!-- Default test -->
  </suite> <!-- Default suite -->
</testng-results>
